[!!!] INITIATING PANIC FLOOD - NO CHOICE PROTOCOL...
[+] Panic Ticket #1 SENT: Abuse Report: Phishing Detected on your Network
[+] Panic Ticket #2 SENT: Abuse Report: Phishing Detected on your Network
[+] Panic Ticket #3 SENT: DMCA Takedown Notice - IMMEDIATE ACTION REQUIRED
[+] Panic Ticket #4 SENT: CRITICAL: Customer Database LEAKED on DarkWeb
[+] Panic Ticket #5 SENT: URGENT: Server 46.183.184.147 ROOT COMPROMISED
[+] Panic Ticket #6 SENT: FOSSBilling Critical Vulnerability Exploited - Patch Now
[+] Panic Ticket #7 SENT: URGENT: Server 46.183.184.147 ROOT COMPROMISED
[+] Panic Ticket #8 SENT: Payment Gateway Error: $50,000 Transaction Failed
[+] Panic Ticket #9 SENT: DMCA Takedown Notice - IMMEDIATE ACTION REQUIRED
[+] Panic Ticket #10 SENT: Abuse Report: Phishing Detected on your Network
[+] Panic Ticket #11 SENT: URGENT: Server 46.183.184.147 ROOT COMPROMISED
[+] Panic Ticket #12 SENT: Payment Gateway Error: $50,000 Transaction Failed
[+] Panic Ticket #13 SENT: URGENT: Server 46.183.184.147 ROOT COMPROMISED
[+] Panic Ticket #14 SENT: Payment Gateway Error: $50,000 Transaction Failed
[+] Panic Ticket #15 SENT: FOSSBilling Critical Vulnerability Exploited - Patch Now
[+] Panic Ticket #16 SENT: Abuse Report: Phishing Detected on your Network
[+] Panic Ticket #17 SENT: DMCA Takedown Notice - IMMEDIATE ACTION REQUIRED
[+] Panic Ticket #18 SENT: CRITICAL: Customer Database LEAKED on DarkWeb
[+] Panic Ticket #19 SENT: URGENT: Server 46.183.184.147 ROOT COMPROMISED
[+] Panic Ticket #20 SENT: Abuse Report: Phishing Detected on your Network
[+] Panic Ticket #21 SENT: Abuse Report: Phishing Detected on your Network
[+] Panic Ticket #22 SENT: Payment Gateway Error: $50,000 Transaction Failed
[+] Panic Ticket #23 SENT: Abuse Report: Phishing Detected on your Network
[+] Panic Ticket #24 SENT: Abuse Report: Phishing Detected on your Network
[+] Panic Ticket #25 SENT: Abuse Report: Phishing Detected on your Network
[+] Panic Ticket #26 SENT: DMCA Takedown Notice - IMMEDIATE ACTION REQUIRED
[+] Panic Ticket #27 SENT: FOSSBilling Critical Vulnerability Exploited - Patch Now
[+] Panic Ticket #28 SENT: Abuse Report: Phishing Detected on your Network
[+] Panic Ticket #29 SENT: Payment Gateway Error: $50,000 Transaction Failed
[+] Panic Ticket #30 SENT: Payment Gateway Error: $50,000 Transaction Failed
[+] Panic Ticket #31 SENT: URGENT: Server 46.183.184.147 ROOT COMPROMISED
[+] Panic Ticket #32 SENT: Payment Gateway Error: $50,000 Transaction Failed
[+] Panic Ticket #33 SENT: URGENT: Server 46.183.184.147 ROOT COMPROMISED
[+] Panic Ticket #34 SENT: Payment Gateway Error: $50,000 Transaction Failed
[+] Panic Ticket #35 SENT: CRITICAL: Customer Database LEAKED on DarkWeb
[+] Panic Ticket #36 SENT: FOSSBilling Critical Vulnerability Exploited - Patch Now
[+] Panic Ticket #37 SENT: CRITICAL: Customer Database LEAKED on DarkWeb
[+] Panic Ticket #38 SENT: URGENT: Server 46.183.184.147 ROOT COMPROMISED
[+] Panic Ticket #39 SENT: Abuse Report: Phishing Detected on your Network
[+] Panic Ticket #40 SENT: DMCA Takedown Notice - IMMEDIATE ACTION REQUIRED
[+] Panic Ticket #41 SENT: Abuse Report: Phishing Detected on your Network
[+] Panic Ticket #42 SENT: URGENT: Server 46.183.184.147 ROOT COMPROMISED
[+] Panic Ticket #43 SENT: Payment Gateway Error: $50,000 Transaction Failed
[+] Panic Ticket #44 SENT: URGENT: Server 46.183.184.147 ROOT COMPROMISED
[+] Panic Ticket #45 SENT: DMCA Takedown Notice - IMMEDIATE ACTION REQUIRED
[+] Panic Ticket #46 SENT: Payment Gateway Error: $50,000 Transaction Failed
[+] Panic Ticket #47 SENT: FOSSBilling Critical Vulnerability Exploited - Patch Now
[+] Panic Ticket #48 SENT: Abuse Report: Phishing Detected on your Network
[+] Panic Ticket #49 SENT: Abuse Report: Phishing Detected on your Network
[+] Panic Ticket #50 SENT: CRITICAL: Customer Database LEAKED on DarkWeb
[+] Panic Ticket #51 SENT: CRITICAL: Customer Database LEAKED on DarkWeb
[+] Panic Ticket #52 SENT: CRITICAL: Customer Database LEAKED on DarkWeb
[+] Panic Ticket #53 SENT: CRITICAL: Customer Database LEAKED on DarkWeb
[+] Panic Ticket #54 SENT: Abuse Report: Phishing Detected on your Network
[+] Panic Ticket #55 SENT: URGENT: Server 46.183.184.147 ROOT COMPROMISED
[+] Panic Ticket #56 SENT: Abuse Report: Phishing Detected on your Network
[+] Panic Ticket #57 SENT: FOSSBilling Critical Vulnerability Exploited - Patch Now
[+] Panic Ticket #58 SENT: Payment Gateway Error: $50,000 Transaction Failed
[+] Panic Ticket #59 SENT: URGENT: Server 46.183.184.147 ROOT COMPROMISED
[+] Panic Ticket #60 SENT: Payment Gateway Error: $50,000 Transaction Failed
[+] Panic Ticket #61 SENT: Abuse Report: Phishing Detected on your Network
[+] Panic Ticket #62 SENT: Payment Gateway Error: $50,000 Transaction Failed
[+] Panic Ticket #63 SENT: CRITICAL: Customer Database LEAKED on DarkWeb
[+] Panic Ticket #64 SENT: Payment Gateway Error: $50,000 Transaction Failed
[+] Panic Ticket #65 SENT: URGENT: Server 46.183.184.147 ROOT COMPROMISED
[+] Panic Ticket #66 SENT: URGENT: Server 46.183.184.147 ROOT COMPROMISED
[+] Panic Ticket #67 SENT: URGENT: Server 46.183.184.147 ROOT COMPROMISED
[+] Panic Ticket #68 SENT: FOSSBilling Critical Vulnerability Exploited - Patch Now
[+] Panic Ticket #69 SENT: URGENT: Server 46.183.184.147 ROOT COMPROMISED
[+] Panic Ticket #70 SENT: URGENT: Server 46.183.184.147 ROOT COMPROMISED
[+] Panic Ticket #71 SENT: Abuse Report: Phishing Detected on your Network
[+] Panic Ticket #72 SENT: CRITICAL: Customer Database LEAKED on DarkWeb
[+] Panic Ticket #73 SENT: FOSSBilling Critical Vulnerability Exploited - Patch Now
[+] Panic Ticket #74 SENT: CRITICAL: Customer Database LEAKED on DarkWeb
[+] Panic Ticket #75 SENT: DMCA Takedown Notice - IMMEDIATE ACTION REQUIRED
[+] Panic Ticket #76 SENT: Payment Gateway Error: $50,000 Transaction Failed
[+] Panic Ticket #77 SENT: URGENT: Server 46.183.184.147 ROOT COMPROMISED
[+] Panic Ticket #78 SENT: URGENT: Server 46.183.184.147 ROOT COMPROMISED
[+] Panic Ticket #79 SENT: URGENT: Server 46.183.184.147 ROOT COMPROMISED
[+] Panic Ticket #80 SENT: URGENT: Server 46.183.184.147 ROOT COMPROMISED
[+] Panic Ticket #81 SENT: URGENT: Server 46.183.184.147 ROOT COMPROMISED
[+] Panic Ticket #82 SENT: CRITICAL: Customer Database LEAKED on DarkWeb
[+] Panic Ticket #83 SENT: Payment Gateway Error: $50,000 Transaction Failed
[+] Panic Ticket #84 SENT: URGENT: Server 46.183.184.147 ROOT COMPROMISED
[+] Panic Ticket #85 SENT: URGENT: Server 46.183.184.147 ROOT COMPROMISED
[+] Panic Ticket #86 SENT: URGENT: Server 46.183.184.147 ROOT COMPROMISED
[+] Panic Ticket #87 SENT: URGENT: Server 46.183.184.147 ROOT COMPROMISED
[+] Panic Ticket #88 SENT: Payment Gateway Error: $50,000 Transaction Failed
[+] Panic Ticket #89 SENT: DMCA Takedown Notice - IMMEDIATE ACTION REQUIRED
[+] Panic Ticket #90 SENT: FOSSBilling Critical Vulnerability Exploited - Patch Now
[+] Panic Ticket #91 SENT: CRITICAL: Customer Database LEAKED on DarkWeb
[+] Panic Ticket #92 SENT: DMCA Takedown Notice - IMMEDIATE ACTION REQUIRED
[+] Panic Ticket #93 SENT: Payment Gateway Error: $50,000 Transaction Failed
[+] Panic Ticket #94 SENT: Abuse Report: Phishing Detected on your Network
[+] Panic Ticket #95 SENT: URGENT: Server 46.183.184.147 ROOT COMPROMISED
[+] Panic Ticket #96 SENT: CRITICAL: Customer Database LEAKED on DarkWeb
[+] Panic Ticket #97 SENT: DMCA Takedown Notice - IMMEDIATE ACTION REQUIRED
[+] Panic Ticket #98 SENT: Payment Gateway Error: $50,000 Transaction Failed
[+] Panic Ticket #99 SENT: URGENT: Server 46.183.184.147 ROOT COMPROMISED
[+] Panic Ticket #100 SENT: FOSSBilling Critical Vulnerability Exploited - Patch Now
[+] Panic Ticket #101 SENT: DMCA Takedown Notice - IMMEDIATE ACTION REQUIRED
[+] Panic Ticket #102 SENT: Abuse Report: Phishing Detected on your Network
[+] Panic Ticket #103 SENT: CRITICAL: Customer Database LEAKED on DarkWeb
[+] Panic Ticket #104 SENT: URGENT: Server 46.183.184.147 ROOT COMPROMISED
[+] Panic Ticket #105 SENT: Abuse Report: Phishing Detected on your Network
[+] Panic Ticket #106 SENT: URGENT: Server 46.183.184.147 ROOT COMPROMISED
[+] Panic Ticket #107 SENT: CRITICAL: Customer Database LEAKED on DarkWeb
[+] Panic Ticket #108 SENT: FOSSBilling Critical Vulnerability Exploited - Patch Now
[+] Panic Ticket #109 SENT: DMCA Takedown Notice - IMMEDIATE ACTION REQUIRED
[+] Panic Ticket #110 SENT: CRITICAL: Customer Database LEAKED on DarkWeb
[+] Panic Ticket #111 SENT: Payment Gateway Error: $50,000 Transaction Failed
[+] Panic Ticket #112 SENT: FOSSBilling Critical Vulnerability Exploited - Patch Now
[+] Panic Ticket #113 SENT: CRITICAL: Customer Database LEAKED on DarkWeb
[+] Panic Ticket #114 SENT: Abuse Report: Phishing Detected on your Network
[+] Panic Ticket #115 SENT: FOSSBilling Critical Vulnerability Exploited - Patch Now
[+] Panic Ticket #116 SENT: FOSSBilling Critical Vulnerability Exploited - Patch Now
[+] Panic Ticket #117 SENT: DMCA Takedown Notice - IMMEDIATE ACTION REQUIRED
[+] Panic Ticket #118 SENT: Abuse Report: Phishing Detected on your Network
[+] Panic Ticket #119 SENT: Abuse Report: Phishing Detected on your Network
[+] Panic Ticket #120 SENT: URGENT: Server 46.183.184.147 ROOT COMPROMISED
[+] Panic Ticket #121 SENT: DMCA Takedown Notice - IMMEDIATE ACTION REQUIRED
[+] Panic Ticket #122 SENT: Abuse Report: Phishing Detected on your Network
[+] Panic Ticket #123 SENT: Abuse Report: Phishing Detected on your Network
[+] Panic Ticket #124 SENT: FOSSBilling Critical Vulnerability Exploited - Patch Now
[+] Panic Ticket #125 SENT: Payment Gateway Error: $50,000 Transaction Failed
[+] Panic Ticket #126 SENT: URGENT: Server 46.183.184.147 ROOT COMPROMISED
[+] Panic Ticket #127 SENT: Abuse Report: Phishing Detected on your Network
[+] Panic Ticket #128 SENT: Payment Gateway Error: $50,000 Transaction Failed
[+] Panic Ticket #129 SENT: DMCA Takedown Notice - IMMEDIATE ACTION REQUIRED
[+] Panic Ticket #130 SENT: CRITICAL: Customer Database LEAKED on DarkWeb
[+] Panic Ticket #131 SENT: Payment Gateway Error: $50,000 Transaction Failed
[+] Panic Ticket #132 SENT: Payment Gateway Error: $50,000 Transaction Failed
[+] Panic Ticket #133 SENT: Abuse Report: Phishing Detected on your Network
[+] Panic Ticket #134 SENT: Abuse Report: Phishing Detected on your Network
[+] Panic Ticket #135 SENT: CRITICAL: Customer Database LEAKED on DarkWeb
[+] Panic Ticket #136 SENT: Payment Gateway Error: $50,000 Transaction Failed
[+] Panic Ticket #137 SENT: CRITICAL: Customer Database LEAKED on DarkWeb
[+] Panic Ticket #138 SENT: DMCA Takedown Notice - IMMEDIATE ACTION REQUIRED
[+] Panic Ticket #139 SENT: FOSSBilling Critical Vulnerability Exploited - Patch Now
[+] Panic Ticket #140 SENT: DMCA Takedown Notice - IMMEDIATE ACTION REQUIRED
[+] Panic Ticket #141 SENT: URGENT: Server 46.183.184.147 ROOT COMPROMISED
[+] Panic Ticket #142 SENT: DMCA Takedown Notice - IMMEDIATE ACTION REQUIRED
[+] Panic Ticket #143 SENT: Payment Gateway Error: $50,000 Transaction Failed
[+] Panic Ticket #144 SENT: CRITICAL: Customer Database LEAKED on DarkWeb
[+] Panic Ticket #145 SENT: URGENT: Server 46.183.184.147 ROOT COMPROMISED
[+] Panic Ticket #146 SENT: Abuse Report: Phishing Detected on your Network
[+] Panic Ticket #147 SENT: CRITICAL: Customer Database LEAKED on DarkWeb
[+] Panic Ticket #148 SENT: Abuse Report: Phishing Detected on your Network
[+] Panic Ticket #149 SENT: Abuse Report: Phishing Detected on your Network
[+] Panic Ticket #150 SENT: Abuse Report: Phishing Detected on your Network
[+] Panic Ticket #151 SENT: URGENT: Server 46.183.184.147 ROOT COMPROMISED
[+] Panic Ticket #152 SENT: Payment Gateway Error: $50,000 Transaction Failed
[+] Panic Ticket #153 SENT: DMCA Takedown Notice - IMMEDIATE ACTION REQUIRED
[+] Panic Ticket #154 SENT: CRITICAL: Customer Database LEAKED on DarkWeb
[+] Panic Ticket #155 SENT: DMCA Takedown Notice - IMMEDIATE ACTION REQUIRED
[+] Panic Ticket #156 SENT: Payment Gateway Error: $50,000 Transaction Failed
[+] Panic Ticket #157 SENT: FOSSBilling Critical Vulnerability Exploited - Patch Now
[+] Panic Ticket #158 SENT: Abuse Report: Phishing Detected on your Network
[+] Panic Ticket #159 SENT: DMCA Takedown Notice - IMMEDIATE ACTION REQUIRED
[+] Panic Ticket #160 SENT: Payment Gateway Error: $50,000 Transaction Failed
[+] Panic Ticket #161 SENT: DMCA Takedown Notice - IMMEDIATE ACTION REQUIRED
[+] Panic Ticket #162 SENT: FOSSBilling Critical Vulnerability Exploited - Patch Now
[+] Panic Ticket #163 SENT: CRITICAL: Customer Database LEAKED on DarkWeb
[+] Panic Ticket #164 SENT: Abuse Report: Phishing Detected on your Network
[+] Panic Ticket #165 SENT: Abuse Report: Phishing Detected on your Network
[+] Panic Ticket #166 SENT: Payment Gateway Error: $50,000 Transaction Failed
[+] Panic Ticket #167 SENT: FOSSBilling Critical Vulnerability Exploited - Patch Now
[+] Panic Ticket #168 SENT: Abuse Report: Phishing Detected on your Network
[+] Panic Ticket #169 SENT: DMCA Takedown Notice - IMMEDIATE ACTION REQUIRED
[+] Panic Ticket #170 SENT: FOSSBilling Critical Vulnerability Exploited - Patch Now
[+] Panic Ticket #171 SENT: DMCA Takedown Notice - IMMEDIATE ACTION REQUIRED
[+] Panic Ticket #172 SENT: CRITICAL: Customer Database LEAKED on DarkWeb
[+] Panic Ticket #173 SENT: URGENT: Server 46.183.184.147 ROOT COMPROMISED
[+] Panic Ticket #174 SENT: Payment Gateway Error: $50,000 Transaction Failed
[+] Panic Ticket #175 SENT: FOSSBilling Critical Vulnerability Exploited - Patch Now
[+] Panic Ticket #176 SENT: URGENT: Server 46.183.184.147 ROOT COMPROMISED
[+] Panic Ticket #177 SENT: CRITICAL: Customer Database LEAKED on DarkWeb
[+] Panic Ticket #178 SENT: CRITICAL: Customer Database LEAKED on DarkWeb
[+] Panic Ticket #179 SENT: URGENT: Server 46.183.184.147 ROOT COMPROMISED
[+] Panic Ticket #180 SENT: CRITICAL: Customer Database LEAKED on DarkWeb
[+] Panic Ticket #181 SENT: Abuse Report: Phishing Detected on your Network
[+] Panic Ticket #182 SENT: FOSSBilling Critical Vulnerability Exploited - Patch Now
[+] Panic Ticket #183 SENT: DMCA Takedown Notice - IMMEDIATE ACTION REQUIRED
[+] Panic Ticket #184 SENT: URGENT: Server 46.183.184.147 ROOT COMPROMISED
[+] Panic Ticket #185 SENT: Abuse Report: Phishing Detected on your Network
[+] Panic Ticket #186 SENT: Abuse Report: Phishing Detected on your Network
[+] Panic Ticket #187 SENT: URGENT: Server 46.183.184.147 ROOT COMPROMISED
[+] Panic Ticket #188 SENT: Abuse Report: Phishing Detected on your Network
[+] Panic Ticket #189 SENT: CRITICAL: Customer Database LEAKED on DarkWeb
[+] Panic Ticket #190 SENT: Abuse Report: Phishing Detected on your Network
[+] Panic Ticket #191 SENT: DMCA Takedown Notice - IMMEDIATE ACTION REQUIRED
[+] Panic Ticket #192 SENT: Abuse Report: Phishing Detected on your Network
[+] Panic Ticket #193 SENT: URGENT: Server 46.183.184.147 ROOT COMPROMISED
[+] Panic Ticket #194 SENT: Abuse Report: Phishing Detected on your Network
[+] Panic Ticket #195 SENT: Payment Gateway Error: $50,000 Transaction Failed
[+] Panic Ticket #196 SENT: FOSSBilling Critical Vulnerability Exploited - Patch Now
[+] Panic Ticket #197 SENT: CRITICAL: Customer Database LEAKED on DarkWeb
[+] Panic Ticket #198 SENT: DMCA Takedown Notice - IMMEDIATE ACTION REQUIRED
[+] Panic Ticket #199 SENT: CRITICAL: Customer Database LEAKED on DarkWeb
[+] Panic Ticket #200 SENT: URGENT: Server 46.183.184.147 ROOT COMPROMISED
[+] Panic Ticket #201 SENT: FOSSBilling Critical Vulnerability Exploited - Patch Now
[+] Panic Ticket #202 SENT: FOSSBilling Critical Vulnerability Exploited - Patch Now
[+] Panic Ticket #203 SENT: Abuse Report: Phishing Detected on your Network
[+] Panic Ticket #204 SENT: Abuse Report: Phishing Detected on your Network
[+] Panic Ticket #205 SENT: URGENT: Server 46.183.184.147 ROOT COMPROMISED
[+] Panic Ticket #206 SENT: URGENT: Server 46.183.184.147 ROOT COMPROMISED
[+] Panic Ticket #207 SENT: Payment Gateway Error: $50,000 Transaction Failed
[+] Panic Ticket #208 SENT: DMCA Takedown Notice - IMMEDIATE ACTION REQUIRED
[+] Panic Ticket #209 SENT: FOSSBilling Critical Vulnerability Exploited - Patch Now
[+] Panic Ticket #210 SENT: FOSSBilling Critical Vulnerability Exploited - Patch Now
[+] Panic Ticket #211 SENT: DMCA Takedown Notice - IMMEDIATE ACTION REQUIRED
[+] Panic Ticket #212 SENT: FOSSBilling Critical Vulnerability Exploited - Patch Now
[+] Panic Ticket #213 SENT: DMCA Takedown Notice - IMMEDIATE ACTION REQUIRED
[+] Panic Ticket #214 SENT: Payment Gateway Error: $50,000 Transaction Failed
[+] Panic Ticket #215 SENT: Payment Gateway Error: $50,000 Transaction Failed
[+] Panic Ticket #216 SENT: URGENT: Server 46.183.184.147 ROOT COMPROMISED
[+] Panic Ticket #217 SENT: Abuse Report: Phishing Detected on your Network
[+] Panic Ticket #218 SENT: Payment Gateway Error: $50,000 Transaction Failed
[+] Panic Ticket #219 SENT: FOSSBilling Critical Vulnerability Exploited - Patch Now
[+] Panic Ticket #220 SENT: Payment Gateway Error: $50,000 Transaction Failed
[+] Panic Ticket #221 SENT: URGENT: Server 46.183.184.147 ROOT COMPROMISED
[+] Panic Ticket #222 SENT: DMCA Takedown Notice - IMMEDIATE ACTION REQUIRED
[+] Panic Ticket #223 SENT: CRITICAL: Customer Database LEAKED on DarkWeb
[+] Panic Ticket #224 SENT: CRITICAL: Customer Database LEAKED on DarkWeb
[+] Panic Ticket #225 SENT: Payment Gateway Error: $50,000 Transaction Failed
[+] Panic Ticket #226 SENT: Payment Gateway Error: $50,000 Transaction Failed
[+] Panic Ticket #227 SENT: CRITICAL: Customer Database LEAKED on DarkWeb
[+] Panic Ticket #228 SENT: DMCA Takedown Notice - IMMEDIATE ACTION REQUIRED
[+] Panic Ticket #229 SENT: DMCA Takedown Notice - IMMEDIATE ACTION REQUIRED
[+] Panic Ticket #230 SENT: Payment Gateway Error: $50,000 Transaction Failed
[+] Panic Ticket #231 SENT: DMCA Takedown Notice - IMMEDIATE ACTION REQUIRED
[+] Panic Ticket #232 SENT: DMCA Takedown Notice - IMMEDIATE ACTION REQUIRED
[+] Panic Ticket #233 SENT: URGENT: Server 46.183.184.147 ROOT COMPROMISED
[+] Panic Ticket #234 SENT: URGENT: Server 46.183.184.147 ROOT COMPROMISED
[+] Panic Ticket #235 SENT: DMCA Takedown Notice - IMMEDIATE ACTION REQUIRED
[+] Panic Ticket #236 SENT: DMCA Takedown Notice - IMMEDIATE ACTION REQUIRED
[+] Panic Ticket #237 SENT: CRITICAL: Customer Database LEAKED on DarkWeb
[+] Panic Ticket #238 SENT: FOSSBilling Critical Vulnerability Exploited - Patch Now
[+] Panic Ticket #239 SENT: Abuse Report: Phishing Detected on your Network
[+] Panic Ticket #240 SENT: Payment Gateway Error: $50,000 Transaction Failed
[+] Panic Ticket #241 SENT: FOSSBilling Critical Vulnerability Exploited - Patch Now
[+] Panic Ticket #242 SENT: Abuse Report: Phishing Detected on your Network
[+] Panic Ticket #243 SENT: FOSSBilling Critical Vulnerability Exploited - Patch Now
[+] Panic Ticket #244 SENT: Abuse Report: Phishing Detected on your Network
[+] Panic Ticket #245 SENT: DMCA Takedown Notice - IMMEDIATE ACTION REQUIRED
[+] Panic Ticket #246 SENT: FOSSBilling Critical Vulnerability Exploited - Patch Now
[+] Panic Ticket #247 SENT: FOSSBilling Critical Vulnerability Exploited - Patch Now
[+] Panic Ticket #248 SENT: Payment Gateway Error: $50,000 Transaction Failed
[+] Panic Ticket #249 SENT: CRITICAL: Customer Database LEAKED on DarkWeb
[+] Panic Ticket #250 SENT: DMCA Takedown Notice - IMMEDIATE ACTION REQUIRED
[+] Panic Ticket #251 SENT: URGENT: Server 46.183.184.147 ROOT COMPROMISED
[+] Panic Ticket #252 SENT: FOSSBilling Critical Vulnerability Exploited - Patch Now
[+] Panic Ticket #253 SENT: DMCA Takedown Notice - IMMEDIATE ACTION REQUIRED
[+] Panic Ticket #254 SENT: Payment Gateway Error: $50,000 Transaction Failed
[+] Panic Ticket #255 SENT: Payment Gateway Error: $50,000 Transaction Failed
[+] Panic Ticket #256 SENT: Abuse Report: Phishing Detected on your Network
[+] Panic Ticket #257 SENT: DMCA Takedown Notice - IMMEDIATE ACTION REQUIRED
[+] Panic Ticket #258 SENT: CRITICAL: Customer Database LEAKED on DarkWeb
[+] Panic Ticket #259 SENT: URGENT: Server 46.183.184.147 ROOT COMPROMISED
[+] Panic Ticket #260 SENT: FOSSBilling Critical Vulnerability Exploited - Patch Now
[+] Panic Ticket #261 SENT: DMCA Takedown Notice - IMMEDIATE ACTION REQUIRED
[+] Panic Ticket #262 SENT: Payment Gateway Error: $50,000 Transaction Failed
[+] Panic Ticket #263 SENT: Payment Gateway Error: $50,000 Transaction Failed
[+] Panic Ticket #264 SENT: Abuse Report: Phishing Detected on your Network
[+] Panic Ticket #265 SENT: CRITICAL: Customer Database LEAKED on DarkWeb
[+] Panic Ticket #266 SENT: DMCA Takedown Notice - IMMEDIATE ACTION REQUIRED
[+] Panic Ticket #267 SENT: FOSSBilling Critical Vulnerability Exploited - Patch Now
[+] Panic Ticket #268 SENT: DMCA Takedown Notice - IMMEDIATE ACTION REQUIRED
[+] Panic Ticket #269 SENT: Payment Gateway Error: $50,000 Transaction Failed
[+] Panic Ticket #270 SENT: FOSSBilling Critical Vulnerability Exploited - Patch Now
[+] Panic Ticket #271 SENT: URGENT: Server 46.183.184.147 ROOT COMPROMISED
[+] Panic Ticket #272 SENT: Payment Gateway Error: $50,000 Transaction Failed
[+] Panic Ticket #273 SENT: DMCA Takedown Notice - IMMEDIATE ACTION REQUIRED
[+] Panic Ticket #274 SENT: DMCA Takedown Notice - IMMEDIATE ACTION REQUIRED
[+] Panic Ticket #275 SENT: URGENT: Server 46.183.184.147 ROOT COMPROMISED
[+] Panic Ticket #276 SENT: Payment Gateway Error: $50,000 Transaction Failed
[+] Panic Ticket #277 SENT: URGENT: Server 46.183.184.147 ROOT COMPROMISED
[+] Panic Ticket #278 SENT: URGENT: Server 46.183.184.147 ROOT COMPROMISED
[+] Panic Ticket #279 SENT: Payment Gateway Error: $50,000 Transaction Failed
[+] Panic Ticket #280 SENT: FOSSBilling Critical Vulnerability Exploited - Patch Now
[+] Panic Ticket #281 SENT: FOSSBilling Critical Vulnerability Exploited - Patch Now
[+] Panic Ticket #282 SENT: FOSSBilling Critical Vulnerability Exploited - Patch Now
[+] Panic Ticket #283 SENT: Payment Gateway Error: $50,000 Transaction Failed
[+] Panic Ticket #284 SENT: Payment Gateway Error: $50,000 Transaction Failed
[+] Panic Ticket #285 SENT: Payment Gateway Error: $50,000 Transaction Failed
[+] Panic Ticket #286 SENT: Payment Gateway Error: $50,000 Transaction Failed
[+] Panic Ticket #287 SENT: CRITICAL: Customer Database LEAKED on DarkWeb
[+] Panic Ticket #288 SENT: DMCA Takedown Notice - IMMEDIATE ACTION REQUIRED
[+] Panic Ticket #289 SENT: FOSSBilling Critical Vulnerability Exploited - Patch Now
[+] Panic Ticket #290 SENT: FOSSBilling Critical Vulnerability Exploited - Patch Now
[+] Panic Ticket #291 SENT: DMCA Takedown Notice - IMMEDIATE ACTION REQUIRED
[+] Panic Ticket #292 SENT: CRITICAL: Customer Database LEAKED on DarkWeb
[+] Panic Ticket #293 SENT: URGENT: Server 46.183.184.147 ROOT COMPROMISED
[+] Panic Ticket #294 SENT: DMCA Takedown Notice - IMMEDIATE ACTION REQUIRED
[+] Panic Ticket #295 SENT: Payment Gateway Error: $50,000 Transaction Failed
[+] Panic Ticket #296 SENT: Payment Gateway Error: $50,000 Transaction Failed
[+] Panic Ticket #297 SENT: Payment Gateway Error: $50,000 Transaction Failed
[+] Panic Ticket #298 SENT: Payment Gateway Error: $50,000 Transaction Failed
[+] Panic Ticket #299 SENT: DMCA Takedown Notice - IMMEDIATE ACTION REQUIRED
[+] Panic Ticket #300 SENT: FOSSBilling Critical Vulnerability Exploited - Patch Now
[+] Panic Ticket #301 SENT: DMCA Takedown Notice - IMMEDIATE ACTION REQUIRED
[+] Panic Ticket #302 SENT: FOSSBilling Critical Vulnerability Exploited - Patch Now
[+] Panic Ticket #303 SENT: Abuse Report: Phishing Detected on your Network
[+] Panic Ticket #304 SENT: CRITICAL: Customer Database LEAKED on DarkWeb
[+] Panic Ticket #305 SENT: URGENT: Server 46.183.184.147 ROOT COMPROMISED
[+] Panic Ticket #306 SENT: Abuse Report: Phishing Detected on your Network
[+] Panic Ticket #307 SENT: Abuse Report: Phishing Detected on your Network
[+] Panic Ticket #308 SENT: CRITICAL: Customer Database LEAKED on DarkWeb
[+] Panic Ticket #309 SENT: Abuse Report: Phishing Detected on your Network
[+] Panic Ticket #310 SENT: Abuse Report: Phishing Detected on your Network
[+] Panic Ticket #311 SENT: URGENT: Server 46.183.184.147 ROOT COMPROMISED
[+] Panic Ticket #312 SENT: URGENT: Server 46.183.184.147 ROOT COMPROMISED
[+] Panic Ticket #313 SENT: CRITICAL: Customer Database LEAKED on DarkWeb
[+] Panic Ticket #314 SENT: DMCA Takedown Notice - IMMEDIATE ACTION REQUIRED
[+] Panic Ticket #315 SENT: FOSSBilling Critical Vulnerability Exploited - Patch Now
[+] Panic Ticket #316 SENT: FOSSBilling Critical Vulnerability Exploited - Patch Now
[+] Panic Ticket #317 SENT: DMCA Takedown Notice - IMMEDIATE ACTION REQUIRED
[+] Panic Ticket #318 SENT: Payment Gateway Error: $50,000 Transaction Failed
[+] Panic Ticket #319 SENT: DMCA Takedown Notice - IMMEDIATE ACTION REQUIRED
[+] Panic Ticket #320 SENT: CRITICAL: Customer Database LEAKED on DarkWeb
[+] Panic Ticket #321 SENT: DMCA Takedown Notice - IMMEDIATE ACTION REQUIRED
[+] Panic Ticket #322 SENT: DMCA Takedown Notice - IMMEDIATE ACTION REQUIRED
[+] Panic Ticket #323 SENT: URGENT: Server 46.183.184.147 ROOT COMPROMISED
[+] Panic Ticket #324 SENT: DMCA Takedown Notice - IMMEDIATE ACTION REQUIRED
[+] Panic Ticket #325 SENT: DMCA Takedown Notice - IMMEDIATE ACTION REQUIRED
[+] Panic Ticket #326 SENT: FOSSBilling Critical Vulnerability Exploited - Patch Now
[+] Panic Ticket #327 SENT: Payment Gateway Error: $50,000 Transaction Failed
[+] Panic Ticket #328 SENT: URGENT: Server 46.183.184.147 ROOT COMPROMISED
[+] Panic Ticket #329 SENT: FOSSBilling Critical Vulnerability Exploited - Patch Now
[+] Panic Ticket #330 SENT: Payment Gateway Error: $50,000 Transaction Failed
[+] Panic Ticket #331 SENT: Payment Gateway Error: $50,000 Transaction Failed
[+] Panic Ticket #332 SENT: URGENT: Server 46.183.184.147 ROOT COMPROMISED
[+] Panic Ticket #333 SENT: FOSSBilling Critical Vulnerability Exploited - Patch Now
[+] Panic Ticket #334 SENT: Abuse Report: Phishing Detected on your Network
[+] Panic Ticket #335 SENT: URGENT: Server 46.183.184.147 ROOT COMPROMISED
[+] Panic Ticket #336 SENT: Payment Gateway Error: $50,000 Transaction Failed
[+] Panic Ticket #337 SENT: URGENT: Server 46.183.184.147 ROOT COMPROMISED
[+] Panic Ticket #338 SENT: FOSSBilling Critical Vulnerability Exploited - Patch Now
[+] Panic Ticket #339 SENT: DMCA Takedown Notice - IMMEDIATE ACTION REQUIRED
[+] Panic Ticket #340 SENT: Abuse Report: Phishing Detected on your Network
[+] Panic Ticket #341 SENT: Abuse Report: Phishing Detected on your Network
[+] Panic Ticket #342 SENT: URGENT: Server 46.183.184.147 ROOT COMPROMISED
[+] Panic Ticket #343 SENT: Abuse Report: Phishing Detected on your Network
[+] Panic Ticket #344 SENT: Abuse Report: Phishing Detected on your Network
[+] Panic Ticket #345 SENT: FOSSBilling Critical Vulnerability Exploited - Patch Now
[+] Panic Ticket #346 SENT: CRITICAL: Customer Database LEAKED on DarkWeb
[+] Panic Ticket #347 SENT: Payment Gateway Error: $50,000 Transaction Failed
[+] Panic Ticket #348 SENT: Abuse Report: Phishing Detected on your Network
[+] Panic Ticket #349 SENT: CRITICAL: Customer Database LEAKED on DarkWeb
[+] Panic Ticket #350 SENT: FOSSBilling Critical Vulnerability Exploited - Patch Now
[+] Panic Ticket #351 SENT: CRITICAL: Customer Database LEAKED on DarkWeb
[+] Panic Ticket #352 SENT: FOSSBilling Critical Vulnerability Exploited - Patch Now
[+] Panic Ticket #353 SENT: DMCA Takedown Notice - IMMEDIATE ACTION REQUIRED
[+] Panic Ticket #354 SENT: URGENT: Server 46.183.184.147 ROOT COMPROMISED
[+] Panic Ticket #355 SENT: Abuse Report: Phishing Detected on your Network
[+] Panic Ticket #356 SENT: FOSSBilling Critical Vulnerability Exploited - Patch Now
[+] Panic Ticket #357 SENT: Abuse Report: Phishing Detected on your Network
[+] Panic Ticket #358 SENT: CRITICAL: Customer Database LEAKED on DarkWeb
[+] Panic Ticket #359 SENT: CRITICAL: Customer Database LEAKED on DarkWeb
[+] Panic Ticket #360 SENT: DMCA Takedown Notice - IMMEDIATE ACTION REQUIRED
[+] Panic Ticket #361 SENT: CRITICAL: Customer Database LEAKED on DarkWeb
[+] Panic Ticket #362 SENT: Abuse Report: Phishing Detected on your Network
[+] Panic Ticket #363 SENT: DMCA Takedown Notice - IMMEDIATE ACTION REQUIRED
[+] Panic Ticket #364 SENT: Abuse Report: Phishing Detected on your Network
[+] Panic Ticket #365 SENT: Payment Gateway Error: $50,000 Transaction Failed
[+] Panic Ticket #366 SENT: DMCA Takedown Notice - IMMEDIATE ACTION REQUIRED
[+] Panic Ticket #367 SENT: FOSSBilling Critical Vulnerability Exploited - Patch Now
[+] Panic Ticket #368 SENT: FOSSBilling Critical Vulnerability Exploited - Patch Now
[+] Panic Ticket #369 SENT: DMCA Takedown Notice - IMMEDIATE ACTION REQUIRED
[+] Panic Ticket #370 SENT: DMCA Takedown Notice - IMMEDIATE ACTION REQUIRED
[+] Panic Ticket #371 SENT: CRITICAL: Customer Database LEAKED on DarkWeb
[+] Panic Ticket #372 SENT: URGENT: Server 46.183.184.147 ROOT COMPROMISED
[+] Panic Ticket #373 SENT: URGENT: Server 46.183.184.147 ROOT COMPROMISED
[+] Panic Ticket #374 SENT: FOSSBilling Critical Vulnerability Exploited - Patch Now
[+] Panic Ticket #375 SENT: FOSSBilling Critical Vulnerability Exploited - Patch Now
[+] Panic Ticket #376 SENT: Payment Gateway Error: $50,000 Transaction Failed
[+] Panic Ticket #377 SENT: Abuse Report: Phishing Detected on your Network
[+] Panic Ticket #378 SENT: Payment Gateway Error: $50,000 Transaction Failed
[+] Panic Ticket #379 SENT: CRITICAL: Customer Database LEAKED on DarkWeb
[+] Panic Ticket #380 SENT: URGENT: Server 46.183.184.147 ROOT COMPROMISED
[+] Panic Ticket #381 SENT: CRITICAL: Customer Database LEAKED on DarkWeb
[+] Panic Ticket #382 SENT: Abuse Report: Phishing Detected on your Network
[+] Panic Ticket #383 SENT: Payment Gateway Error: $50,000 Transaction Failed
[+] Panic Ticket #384 SENT: Abuse Report: Phishing Detected on your Network
[+] Panic Ticket #385 SENT: URGENT: Server 46.183.184.147 ROOT COMPROMISED
[+] Panic Ticket #386 SENT: Abuse Report: Phishing Detected on your Network
[+] Panic Ticket #387 SENT: URGENT: Server 46.183.184.147 ROOT COMPROMISED
[+] Panic Ticket #388 SENT: Payment Gateway Error: $50,000 Transaction Failed
[+] Panic Ticket #389 SENT: URGENT: Server 46.183.184.147 ROOT COMPROMISED
[+] Panic Ticket #390 SENT: DMCA Takedown Notice - IMMEDIATE ACTION REQUIRED
[+] Panic Ticket #391 SENT: URGENT: Server 46.183.184.147 ROOT COMPROMISED
[+] Panic Ticket #392 SENT: DMCA Takedown Notice - IMMEDIATE ACTION REQUIRED
[+] Panic Ticket #393 SENT: URGENT: Server 46.183.184.147 ROOT COMPROMISED
[+] Panic Ticket #394 SENT: DMCA Takedown Notice - IMMEDIATE ACTION REQUIRED
[+] Panic Ticket #395 SENT: DMCA Takedown Notice - IMMEDIATE ACTION REQUIRED
[+] Panic Ticket #396 SENT: DMCA Takedown Notice - IMMEDIATE ACTION REQUIRED
[+] Panic Ticket #397 SENT: CRITICAL: Customer Database LEAKED on DarkWeb
[+] Panic Ticket #398 SENT: Abuse Report: Phishing Detected on your Network
[+] Panic Ticket #399 SENT: Payment Gateway Error: $50,000 Transaction Failed
[+] Panic Ticket #400 SENT: CRITICAL: Customer Database LEAKED on DarkWeb
[+] Panic Ticket #401 SENT: URGENT: Server 46.183.184.147 ROOT COMPROMISED
[+] Panic Ticket #402 SENT: CRITICAL: Customer Database LEAKED on DarkWeb
[+] Panic Ticket #403 SENT: FOSSBilling Critical Vulnerability Exploited - Patch Now
[+] Panic Ticket #404 SENT: Payment Gateway Error: $50,000 Transaction Failed
[+] Panic Ticket #405 SENT: FOSSBilling Critical Vulnerability Exploited - Patch Now
[+] Panic Ticket #406 SENT: FOSSBilling Critical Vulnerability Exploited - Patch Now
[+] Panic Ticket #407 SENT: FOSSBilling Critical Vulnerability Exploited - Patch Now
[+] Panic Ticket #408 SENT: FOSSBilling Critical Vulnerability Exploited - Patch Now
[+] Panic Ticket #409 SENT: Payment Gateway Error: $50,000 Transaction Failed
[+] Panic Ticket #410 SENT: Payment Gateway Error: $50,000 Transaction Failed
[+] Panic Ticket #411 SENT: URGENT: Server 46.183.184.147 ROOT COMPROMISED
[+] Panic Ticket #412 SENT: FOSSBilling Critical Vulnerability Exploited - Patch Now
[+] Panic Ticket #413 SENT: Abuse Report: Phishing Detected on your Network
[+] Panic Ticket #414 SENT: Payment Gateway Error: $50,000 Transaction Failed
[+] Panic Ticket #415 SENT: DMCA Takedown Notice - IMMEDIATE ACTION REQUIRED
[+] Panic Ticket #416 SENT: Abuse Report: Phishing Detected on your Network
[+] Panic Ticket #417 SENT: CRITICAL: Customer Database LEAKED on DarkWeb
[+] Panic Ticket #418 SENT: Abuse Report: Phishing Detected on your Network
[+] Panic Ticket #419 SENT: Abuse Report: Phishing Detected on your Network
[+] Panic Ticket #420 SENT: FOSSBilling Critical Vulnerability Exploited - Patch Now
[+] Panic Ticket #421 SENT: CRITICAL: Customer Database LEAKED on DarkWeb
[+] Panic Ticket #422 SENT: Payment Gateway Error: $50,000 Transaction Failed
[+] Panic Ticket #423 SENT: FOSSBilling Critical Vulnerability Exploited - Patch Now
[+] Panic Ticket #424 SENT: Abuse Report: Phishing Detected on your Network
[+] Panic Ticket #425 SENT: DMCA Takedown Notice - IMMEDIATE ACTION REQUIRED
[+] Panic Ticket #426 SENT: CRITICAL: Customer Database LEAKED on DarkWeb
[+] Panic Ticket #427 SENT: URGENT: Server 46.183.184.147 ROOT COMPROMISED
[+] Panic Ticket #428 SENT: DMCA Takedown Notice - IMMEDIATE ACTION REQUIRED
[+] Panic Ticket #429 SENT: URGENT: Server 46.183.184.147 ROOT COMPROMISED
[+] Panic Ticket #430 SENT: Abuse Report: Phishing Detected on your Network
[+] Panic Ticket #431 SENT: CRITICAL: Customer Database LEAKED on DarkWeb
[+] Panic Ticket #432 SENT: DMCA Takedown Notice - IMMEDIATE ACTION REQUIRED
[+] Panic Ticket #433 SENT: CRITICAL: Customer Database LEAKED on DarkWeb
[+] Panic Ticket #434 SENT: DMCA Takedown Notice - IMMEDIATE ACTION REQUIRED
[+] Panic Ticket #435 SENT: Payment Gateway Error: $50,000 Transaction Failed
[+] Panic Ticket #436 SENT: Abuse Report: Phishing Detected on your Network
[+] Panic Ticket #437 SENT: DMCA Takedown Notice - IMMEDIATE ACTION REQUIRED
[+] Panic Ticket #438 SENT: CRITICAL: Customer Database LEAKED on DarkWeb
[+] Panic Ticket #439 SENT: FOSSBilling Critical Vulnerability Exploited - Patch Now
[+] Panic Ticket #440 SENT: URGENT: Server 46.183.184.147 ROOT COMPROMISED
[+] Panic Ticket #441 SENT: DMCA Takedown Notice - IMMEDIATE ACTION REQUIRED
[+] Panic Ticket #442 SENT: Abuse Report: Phishing Detected on your Network
[+] Panic Ticket #443 SENT: FOSSBilling Critical Vulnerability Exploited - Patch Now
[+] Panic Ticket #444 SENT: CRITICAL: Customer Database LEAKED on DarkWeb
[+] Panic Ticket #445 SENT: Abuse Report: Phishing Detected on your Network
[+] Panic Ticket #446 SENT: Abuse Report: Phishing Detected on your Network
[+] Panic Ticket #447 SENT: Abuse Report: Phishing Detected on your Network
[+] Panic Ticket #448 SENT: Abuse Report: Phishing Detected on your Network
[+] Panic Ticket #449 SENT: FOSSBilling Critical Vulnerability Exploited - Patch Now
[+] Panic Ticket #450 SENT: CRITICAL: Customer Database LEAKED on DarkWeb
[+] Panic Ticket #451 SENT: CRITICAL: Customer Database LEAKED on DarkWeb
[+] Panic Ticket #452 SENT: Payment Gateway Error: $50,000 Transaction Failed
[+] Panic Ticket #453 SENT: CRITICAL: Customer Database LEAKED on DarkWeb
[+] Panic Ticket #454 SENT: CRITICAL: Customer Database LEAKED on DarkWeb
[+] Panic Ticket #455 SENT: CRITICAL: Customer Database LEAKED on DarkWeb
[+] Panic Ticket #456 SENT: URGENT: Server 46.183.184.147 ROOT COMPROMISED
[+] Panic Ticket #457 SENT: Payment Gateway Error: $50,000 Transaction Failed
[+] Panic Ticket #458 SENT: Abuse Report: Phishing Detected on your Network
[+] Panic Ticket #459 SENT: DMCA Takedown Notice - IMMEDIATE ACTION REQUIRED
[+] Panic Ticket #460 SENT: Payment Gateway Error: $50,000 Transaction Failed
[+] Panic Ticket #461 SENT: URGENT: Server 46.183.184.147 ROOT COMPROMISED
[+] Panic Ticket #462 SENT: URGENT: Server 46.183.184.147 ROOT COMPROMISED
[+] Panic Ticket #463 SENT: DMCA Takedown Notice - IMMEDIATE ACTION REQUIRED
[+] Panic Ticket #464 SENT: FOSSBilling Critical Vulnerability Exploited - Patch Now
[+] Panic Ticket #465 SENT: DMCA Takedown Notice - IMMEDIATE ACTION REQUIRED
[+] Panic Ticket #466 SENT: URGENT: Server 46.183.184.147 ROOT COMPROMISED
[+] Panic Ticket #467 SENT: DMCA Takedown Notice - IMMEDIATE ACTION REQUIRED
[+] Panic Ticket #468 SENT: Abuse Report: Phishing Detected on your Network
[+] Panic Ticket #469 SENT: DMCA Takedown Notice - IMMEDIATE ACTION REQUIRED
[+] Panic Ticket #470 SENT: CRITICAL: Customer Database LEAKED on DarkWeb
[+] Panic Ticket #471 SENT: DMCA Takedown Notice - IMMEDIATE ACTION REQUIRED
[+] Panic Ticket #472 SENT: URGENT: Server 46.183.184.147 ROOT COMPROMISED
[+] Panic Ticket #473 SENT: URGENT: Server 46.183.184.147 ROOT COMPROMISED
[+] Panic Ticket #474 SENT: CRITICAL: Customer Database LEAKED on DarkWeb
[+] Panic Ticket #475 SENT: URGENT: Server 46.183.184.147 ROOT COMPROMISED
[+] Panic Ticket #476 SENT: Abuse Report: Phishing Detected on your Network
[+] Panic Ticket #477 SENT: CRITICAL: Customer Database LEAKED on DarkWeb
[+] Panic Ticket #478 SENT: FOSSBilling Critical Vulnerability Exploited - Patch Now
[+] Panic Ticket #479 SENT: DMCA Takedown Notice - IMMEDIATE ACTION REQUIRED
[+] Panic Ticket #480 SENT: URGENT: Server 46.183.184.147 ROOT COMPROMISED
[+] Panic Ticket #481 SENT: CRITICAL: Customer Database LEAKED on DarkWeb
[+] Panic Ticket #482 SENT: Payment Gateway Error: $50,000 Transaction Failed
[+] Panic Ticket #483 SENT: URGENT: Server 46.183.184.147 ROOT COMPROMISED
[+] Panic Ticket #484 SENT: CRITICAL: Customer Database LEAKED on DarkWeb
[+] Panic Ticket #485 SENT: Payment Gateway Error: $50,000 Transaction Failed
[+] Panic Ticket #486 SENT: Abuse Report: Phishing Detected on your Network
[+] Panic Ticket #487 SENT: Abuse Report: Phishing Detected on your Network
[+] Panic Ticket #488 SENT: CRITICAL: Customer Database LEAKED on DarkWeb
[+] Panic Ticket #489 SENT: URGENT: Server 46.183.184.147 ROOT COMPROMISED
[+] Panic Ticket #490 SENT: Abuse Report: Phishing Detected on your Network
[+] Panic Ticket #491 SENT: Abuse Report: Phishing Detected on your Network
[+] Panic Ticket #492 SENT: FOSSBilling Critical Vulnerability Exploited - Patch Now
[+] Panic Ticket #493 SENT: DMCA Takedown Notice - IMMEDIATE ACTION REQUIRED
[+] Panic Ticket #494 SENT: FOSSBilling Critical Vulnerability Exploited - Patch Now
[+] Panic Ticket #495 SENT: DMCA Takedown Notice - IMMEDIATE ACTION REQUIRED
[+] Panic Ticket #496 SENT: Payment Gateway Error: $50,000 Transaction Failed
[+] Panic Ticket #497 SENT: DMCA Takedown Notice - IMMEDIATE ACTION REQUIRED
[+] Panic Ticket #498 SENT: FOSSBilling Critical Vulnerability Exploited - Patch Now
[+] Panic Ticket #499 SENT: Abuse Report: Phishing Detected on your Network
[+] Panic Ticket #500 SENT: URGENT: Server 46.183.184.147 ROOT COMPROMISED
[+] Panic Ticket #501 SENT: DMCA Takedown Notice - IMMEDIATE ACTION REQUIRED
[+] Panic Ticket #502 SENT: Abuse Report: Phishing Detected on your Network
[+] Panic Ticket #503 SENT: URGENT: Server 46.183.184.147 ROOT COMPROMISED
[+] Panic Ticket #504 SENT: Abuse Report: Phishing Detected on your Network
[+] Panic Ticket #505 SENT: URGENT: Server 46.183.184.147 ROOT COMPROMISED
[+] Panic Ticket #506 SENT: Payment Gateway Error: $50,000 Transaction Failed
[+] Panic Ticket #507 SENT: DMCA Takedown Notice - IMMEDIATE ACTION REQUIRED
[+] Panic Ticket #508 SENT: DMCA Takedown Notice - IMMEDIATE ACTION REQUIRED
[+] Panic Ticket #509 SENT: FOSSBilling Critical Vulnerability Exploited - Patch Now
[+] Panic Ticket #510 SENT: CRITICAL: Customer Database LEAKED on DarkWeb
[+] Panic Ticket #511 SENT: DMCA Takedown Notice - IMMEDIATE ACTION REQUIRED
[+] Panic Ticket #512 SENT: Abuse Report: Phishing Detected on your Network
[+] Panic Ticket #513 SENT: FOSSBilling Critical Vulnerability Exploited - Patch Now
[+] Panic Ticket #514 SENT: DMCA Takedown Notice - IMMEDIATE ACTION REQUIRED
[+] Panic Ticket #515 SENT: FOSSBilling Critical Vulnerability Exploited - Patch Now
[+] Panic Ticket #516 SENT: FOSSBilling Critical Vulnerability Exploited - Patch Now
[+] Panic Ticket #517 SENT: DMCA Takedown Notice - IMMEDIATE ACTION REQUIRED
[+] Panic Ticket #518 SENT: Abuse Report: Phishing Detected on your Network
[+] Panic Ticket #519 SENT: URGENT: Server 46.183.184.147 ROOT COMPROMISED
[+] Panic Ticket #520 SENT: DMCA Takedown Notice - IMMEDIATE ACTION REQUIRED
[+] Panic Ticket #521 SENT: FOSSBilling Critical Vulnerability Exploited - Patch Now
[+] Panic Ticket #522 SENT: Payment Gateway Error: $50,000 Transaction Failed
[+] Panic Ticket #523 SENT: Abuse Report: Phishing Detected on your Network
[+] Panic Ticket #524 SENT: URGENT: Server 46.183.184.147 ROOT COMPROMISED
[+] Panic Ticket #525 SENT: FOSSBilling Critical Vulnerability Exploited - Patch Now
[+] Panic Ticket #526 SENT: Payment Gateway Error: $50,000 Transaction Failed
[+] Panic Ticket #527 SENT: Payment Gateway Error: $50,000 Transaction Failed
[+] Panic Ticket #528 SENT: DMCA Takedown Notice - IMMEDIATE ACTION REQUIRED
